This file contains any messages produced by compilers while
running configure, to aid debugging if configure makes a mistake.

It was created by configure, which was
generated by GNU Autoconf 2.65.  Invocation command line was

  $ ./configure --with-bindir=/home/adam/anope/services-stable --with-datadir=/home/adam/anope/services-stable --with-permissions=077

## --------- ##
## Platform. ##
## --------- ##

hostname = home
uname -m = x86_64
uname -r = 2.6.39-gentoo-r3
uname -s = Linux
uname -v = #3 SMP Fri Oct 28 13:00:25 EDT 2011

/usr/bin/uname -p = AMD Phenom(tm) 9150e Quad-Core Processor
/bin/uname -X     = unknown

/bin/arch              = unknown
/usr/bin/arch -k       = unknown
/usr/convex/getsysinfo = unknown
/usr/bin/hostinfo      = unknown
/bin/machine           = unknown
/usr/bin/oslevel       = unknown
/bin/universe          = unknown

PATH: /usr/local/bin
PATH: /usr/bin
PATH: /bin
PATH: /opt/bin
PATH: /usr/x86_64-pc-linux-gnu/gcc-bin/4.5.3


## ----------- ##
## Core tests. ##
## ----------- ##

configure:2370: checking for gcc
configure:2386: found /usr/bin/gcc
configure:2397: result: gcc
configure:2626: checking for C compiler version
configure:2635: gcc --version >&5
gcc (Gentoo 4.5.3-r1 p1.0, pie-0.4.5) 4.5.3
Copyright (C) 2010 Free Software Foundation, Inc.
This is free software; see the source for copying conditions.  There is NO
warranty; not even for MERCHANTABILITY or FITNESS FOR A PARTICULAR PURPOSE.

configure:2646: $? = 0
configure:2635: gcc -v >&5
Using built-in specs.
COLLECT_GCC=/usr/x86_64-pc-linux-gnu/gcc-bin/4.5.3/gcc
COLLECT_LTO_WRAPPER=/usr/libexec/gcc/x86_64-pc-linux-gnu/4.5.3/lto-wrapper
Target: x86_64-pc-linux-gnu
Configured with: /var/tmp/portage/sys-devel/gcc-4.5.3-r1/work/gcc-4.5.3/configure --prefix=/usr --bindir=/usr/x86_64-pc-linux-gnu/gcc-bin/4.5.3 --includedir=/usr/lib/gcc/x86_64-pc-linux-gnu/4.5.3/include --datadir=/usr/share/gcc-data/x86_64-pc-linux-gnu/4.5.3 --mandir=/usr/share/gcc-data/x86_64-pc-linux-gnu/4.5.3/man --infodir=/usr/share/gcc-data/x86_64-pc-linux-gnu/4.5.3/info --with-gxx-include-dir=/usr/lib/gcc/x86_64-pc-linux-gnu/4.5.3/include/g++-v4 --host=x86_64-pc-linux-gnu --build=x86_64-pc-linux-gnu --disable-altivec --disable-fixed-point --without-ppl --without-cloog --disable-lto --enable-nls --without-included-gettext --with-system-zlib --disable-werror --enable-secureplt --enable-multilib --enable-libmudflap --disable-libssp --enable-libgomp --with-python-dir=/share/gcc-data/x86_64-pc-linux-gnu/4.5.3/python --enable-checking=release --enable-languages=c,c++,java,fortran --enable-shared --enable-threads=posix --enable-__cxa_atexit --enable-clocale=gnu --with-bugurl=http://bugs.gentoo.org/ --with-pkgversion='Gentoo 4.5.3-r1 p1.0, pie-0.4.5'
Thread model: posix
gcc version 4.5.3 (Gentoo 4.5.3-r1 p1.0, pie-0.4.5) 
configure:2646: $? = 0
configure:2635: gcc -V >&5
gcc: '-V' option must have argument
configure:2646: $? = 1
configure:2635: gcc -qversion >&5
gcc: unrecognized option '-qversion'
gcc: no input files
configure:2646: $? = 1
configure:2666: checking whether the C compiler works
configure:2688: gcc    conftest.c  >&5
configure:2692: $? = 0
configure:2741: result: yes
configure:2744: checking for C compiler default output file name
configure:2746: result: a.out
configure:2752: checking for suffix of executables
configure:2759: gcc -o conftest    conftest.c  >&5
configure:2763: $? = 0
configure:2785: result: 
configure:2807: checking whether we are cross compiling
configure:2815: gcc -o conftest    conftest.c  >&5
configure:2819: $? = 0
configure:2826: ./conftest
configure:2830: $? = 0
configure:2845: result: no
configure:2850: checking for suffix of object files
configure:2872: gcc -c   conftest.c >&5
configure:2876: $? = 0
configure:2897: result: o
configure:2901: checking whether we are using the GNU C compiler
configure:2920: gcc -c   conftest.c >&5
configure:2920: $? = 0
configure:2929: result: yes
configure:2938: checking whether gcc accepts -g
configure:2958: gcc -c -g  conftest.c >&5
configure:2958: $? = 0
configure:2999: result: yes
configure:3016: checking for gcc option to accept ISO C89
configure:3080: gcc  -c -g -O2  conftest.c >&5
configure:3080: $? = 0
configure:3093: result: none needed
configure:3116: checking if gcc has a working -pipe
configure:3135: gcc -c -g -O2 -pipe  conftest.c >&5
configure:3135: $? = 0
configure:3144: result: yes
configure:3154: checking for rm
configure:3172: found /bin/rm
configure:3184: result: /bin/rm
configure:3194: checking for cp
configure:3212: found /bin/cp
configure:3224: result: /bin/cp
configure:3234: checking for touch
configure:3252: found /usr/bin/touch
configure:3264: result: /usr/bin/touch
configure:3274: checking for install
configure:3292: found /usr/bin/install
configure:3304: result: /usr/bin/install
configure:3312: checking for inet_ntoa in -lnsl
configure:3337: gcc -o conftest -pipe -g -O2   conftest.c -lnsl   >&5
configure:3337: $? = 0
configure:3346: result: yes
configure:3352: checking for socket in -lsocket
configure:3377: gcc -o conftest -pipe -g -O2   conftest.c -lsocket   >&5
/usr/lib/gcc/x86_64-pc-linux-gnu/4.5.3/../../../../x86_64-pc-linux-gnu/bin/ld: cannot find -lsocket
collect2: ld returned 1 exit status
configure:3377: $? = 1
configure: failed program was:
| /* confdefs.h */
| #define PACKAGE_NAME ""
| #define PACKAGE_TARNAME ""
| #define PACKAGE_VERSION ""
| #define PACKAGE_STRING ""
| #define PACKAGE_BUGREPORT ""
| #define PACKAGE_URL ""
| /* end confdefs.h.  */
| 
| /* Override any GCC internal prototype to avoid an error.
|    Use char because int might match the return type of a GCC
|    builtin and then its argument prototype would still apply.  */
| #ifdef __cplusplus
| extern "C"
| #endif
| char socket ();
| int
| main ()
| {
| return socket ();
|   ;
|   return 0;
| }
configure:3386: result: no
configure:3392: checking for res_query in -lresolv
configure:3417: gcc -o conftest -pipe -g -O2   conftest.c -lresolv   >&5
/tmp/ccBeQa2S.o: In function `main':
/home/adam/anope/anope/conftest.c:20: undefined reference to `res_query'
collect2: ld returned 1 exit status
configure:3417: $? = 1
configure: failed program was:
| /* confdefs.h */
| #define PACKAGE_NAME ""
| #define PACKAGE_TARNAME ""
| #define PACKAGE_VERSION ""
| #define PACKAGE_STRING ""
| #define PACKAGE_BUGREPORT ""
| #define PACKAGE_URL ""
| /* end confdefs.h.  */
| 
| /* Override any GCC internal prototype to avoid an error.
|    Use char because int might match the return type of a GCC
|    builtin and then its argument prototype would still apply.  */
| #ifdef __cplusplus
| extern "C"
| #endif
| char res_query ();
| int
| main ()
| {
| return res_query ();
|   ;
|   return 0;
| }
configure:3426: result: no
configure:3432: checking for revoke in -lbsd
configure:3457: gcc -o conftest -pipe -g -O2   conftest.c -lbsd   >&5
/usr/lib/gcc/x86_64-pc-linux-gnu/4.5.3/../../../../x86_64-pc-linux-gnu/bin/ld: cannot find -lbsd
/tmp/ccE66ys0.o: In function `main':
/home/adam/anope/anope/conftest.c:20: warning: warning: revoke is not implemented and will always fail
collect2: ld returned 1 exit status
configure:3457: $? = 1
configure: failed program was:
| /* confdefs.h */
| #define PACKAGE_NAME ""
| #define PACKAGE_TARNAME ""
| #define PACKAGE_VERSION ""
| #define PACKAGE_STRING ""
| #define PACKAGE_BUGREPORT ""
| #define PACKAGE_URL ""
| /* end confdefs.h.  */
| 
| /* Override any GCC internal prototype to avoid an error.
|    Use char because int might match the return type of a GCC
|    builtin and then its argument prototype would still apply.  */
| #ifdef __cplusplus
| extern "C"
| #endif
| char revoke ();
| int
| main ()
| {
| return revoke ();
|   ;
|   return 0;
| }
configure:3466: result: no
configure:3475: checking whether va_list assignments need array notation
configure:3497: gcc -o conftest -pipe -g -O2   conftest.c  >&5
conftest.c: In function 'foo':
conftest.c:14:8: error: incompatible types when assigning to type 'va_list' from type 'struct __va_list_tag *'
configure:3497: $? = 1
configure: program exited with status 1
configure: failed program was:
| /* confdefs.h */
| #define PACKAGE_NAME ""
| #define PACKAGE_TARNAME ""
| #define PACKAGE_VERSION ""
| #define PACKAGE_STRING ""
| #define PACKAGE_BUGREPORT ""
| #define PACKAGE_URL ""
| /* end confdefs.h.  */
| #include <stdlib.h>
| 		     #include <stdarg.h>
| 		     void foo(int i, ...) {
| 			va_list ap1, ap2;
| 			va_start(ap1, i);
| 			ap2 = ap1;
| 			if (va_arg(ap2, int) != 123 || va_arg(ap1, int) != 123) { exit(1); }
| 			va_end(ap1); va_end(ap2);
| 		     }
| 		     int main()
| 		     { foo(0, 123); return(0); }
configure:3513: result: yes
configure:3546: checking for mysql_config
configure:3564: found /usr/bin/mysql_config
configure:3577: result: /usr/bin/mysql_config
configure:3618: gcc -o conftest -pipe -g -O2 -I/usr/include/mysql  -pipe -DHAVE_ERRNO_AS_DEFINE=1 -fno-strict-aliasing   -DUNIV_LINUX -DUNIV_LINUX   -Wl,-O1 -Wl,--as-needed -rdynamic -L/usr/lib64/mysql -lmysqlclient -L/usr//lib -lz -lcrypt -lnsl -lm -L/usr/lib/ -lssl -lcrypto conftest.c -Wl,-O1 -Wl,--as-needed -rdynamic -L/usr/lib64/mysql -lmysqlclient -L/usr//lib -lz -lcrypt -lnsl -lm -L/usr/lib/ -lssl -lcrypto >&5
configure:3618: $? = 0
configure:3618: ./conftest
configure:3618: $? = 0
configure:3654: checking whether this is a bit or little endian system
configure:3675: gcc -o conftest -pipe -g -O2 -I/usr/include/mysql  -pipe -DHAVE_ERRNO_AS_DEFINE=1 -fno-strict-aliasing   -DUNIV_LINUX -DUNIV_LINUX   -Wl,-O1 -Wl,--as-needed -rdynamic -L/usr/lib64/mysql -lmysqlclient -L/usr//lib -lz -lcrypt -lnsl -lm -L/usr/lib/ -lssl -lcrypto conftest.c -Wl,-O1 -Wl,--as-needed -rdynamic -L/usr/lib64/mysql -lmysqlclient -L/usr//lib -lz -lcrypt -lnsl -lm -L/usr/lib/ -lssl -lcrypto >&5
configure:3675: $? = 0
configure:3675: ./conftest
configure:3675: $? = 1
configure: program exited with status 1
configure: failed program was:
| /* confdefs.h */
| #define PACKAGE_NAME ""
| #define PACKAGE_TARNAME ""
| #define PACKAGE_VERSION ""
| #define PACKAGE_STRING ""
| #define PACKAGE_BUGREPORT ""
| #define PACKAGE_URL ""
| #define HAVE_VA_LIST_AS_ARRAY 1
| #define USE_MYSQL 1
| #define USE_RDB 1
| /* end confdefs.h.  */
| 
| int main()
| {
| 	short s = 1;
| 	short* ptr = &s;
| 	unsigned char c = *((char*)ptr);
| 	return c;
| }
| 
| 
configure:3684: result: little
configure:3701: checking how to run the C preprocessor
configure:3732: gcc -E  conftest.c
configure:3732: $? = 0
configure:3746: gcc -E  conftest.c
conftest.c:13:28: fatal error: ac_nonexistent.h: No such file or directory
compilation terminated.
configure:3746: $? = 1
configure: failed program was:
| /* confdefs.h */
| #define PACKAGE_NAME ""
| #define PACKAGE_TARNAME ""
| #define PACKAGE_VERSION ""
| #define PACKAGE_STRING ""
| #define PACKAGE_BUGREPORT ""
| #define PACKAGE_URL ""
| #define HAVE_VA_LIST_AS_ARRAY 1
| #define USE_MYSQL 1
| #define USE_RDB 1
| #define LITTLE_ENDIAN 1
| /* end confdefs.h.  */
| #include <ac_nonexistent.h>
configure:3771: result: gcc -E
configure:3791: gcc -E  conftest.c
configure:3791: $? = 0
configure:3805: gcc -E  conftest.c
conftest.c:13:28: fatal error: ac_nonexistent.h: No such file or directory
compilation terminated.
configure:3805: $? = 1
configure: failed program was:
| /* confdefs.h */
| #define PACKAGE_NAME ""
| #define PACKAGE_TARNAME ""
| #define PACKAGE_VERSION ""
| #define PACKAGE_STRING ""
| #define PACKAGE_BUGREPORT ""
| #define PACKAGE_URL ""
| #define HAVE_VA_LIST_AS_ARRAY 1
| #define USE_MYSQL 1
| #define USE_RDB 1
| #define LITTLE_ENDIAN 1
| /* end confdefs.h.  */
| #include <ac_nonexistent.h>
configure:3834: checking for grep that handles long lines and -e
configure:3892: result: /bin/grep
configure:3897: checking for egrep
configure:3959: result: /bin/grep -E
configure:3964: checking for ANSI C header files
configure:3984: gcc -c -pipe -g -O2 -I/usr/include/mysql  -pipe -DHAVE_ERRNO_AS_DEFINE=1 -fno-strict-aliasing   -DUNIV_LINUX -DUNIV_LINUX  conftest.c >&5
configure:3984: $? = 0
configure:4057: gcc -o conftest -pipe -g -O2 -I/usr/include/mysql  -pipe -DHAVE_ERRNO_AS_DEFINE=1 -fno-strict-aliasing   -DUNIV_LINUX -DUNIV_LINUX   -Wl,-O1 -Wl,--as-needed -rdynamic -L/usr/lib64/mysql -lmysqlclient -L/usr//lib -lz -lcrypt -lnsl -lm -L/usr/lib/ -lssl -lcrypto conftest.c -Wl,-O1 -Wl,--as-needed -rdynamic -L/usr/lib64/mysql -lmysqlclient -L/usr//lib -lz -lcrypt -lnsl -lm -L/usr/lib/ -lssl -lcrypto >&5
configure:4057: $? = 0
configure:4057: ./conftest
configure:4057: $? = 0
configure:4068: result: yes
configure:4081: checking for sys/types.h
configure:4081: gcc -c -pipe -g -O2 -I/usr/include/mysql  -pipe -DHAVE_ERRNO_AS_DEFINE=1 -fno-strict-aliasing   -DUNIV_LINUX -DUNIV_LINUX  conftest.c >&5
configure:4081: $? = 0
configure:4081: result: yes
configure:4081: checking for sys/stat.h
configure:4081: gcc -c -pipe -g -O2 -I/usr/include/mysql  -pipe -DHAVE_ERRNO_AS_DEFINE=1 -fno-strict-aliasing   -DUNIV_LINUX -DUNIV_LINUX  conftest.c >&5
configure:4081: $? = 0
configure:4081: result: yes
configure:4081: checking for stdlib.h
configure:4081: gcc -c -pipe -g -O2 -I/usr/include/mysql  -pipe -DHAVE_ERRNO_AS_DEFINE=1 -fno-strict-aliasing   -DUNIV_LINUX -DUNIV_LINUX  conftest.c >&5
configure:4081: $? = 0
configure:4081: result: yes
configure:4081: checking for string.h
configure:4081: gcc -c -pipe -g -O2 -I/usr/include/mysql  -pipe -DHAVE_ERRNO_AS_DEFINE=1 -fno-strict-aliasing   -DUNIV_LINUX -DUNIV_LINUX  conftest.c >&5
configure:4081: $? = 0
configure:4081: result: yes
configure:4081: checking for memory.h
configure:4081: gcc -c -pipe -g -O2 -I/usr/include/mysql  -pipe -DHAVE_ERRNO_AS_DEFINE=1 -fno-strict-aliasing   -DUNIV_LINUX -DUNIV_LINUX  conftest.c >&5
configure:4081: $? = 0
configure:4081: result: yes
configure:4081: checking for strings.h
configure:4081: gcc -c -pipe -g -O2 -I/usr/include/mysql  -pipe -DHAVE_ERRNO_AS_DEFINE=1 -fno-strict-aliasing   -DUNIV_LINUX -DUNIV_LINUX  conftest.c >&5
configure:4081: $? = 0
configure:4081: result: yes
configure:4081: checking for inttypes.h
configure:4081: gcc -c -pipe -g -O2 -I/usr/include/mysql  -pipe -DHAVE_ERRNO_AS_DEFINE=1 -fno-strict-aliasing   -DUNIV_LINUX -DUNIV_LINUX  conftest.c >&5
configure:4081: $? = 0
configure:4081: result: yes
configure:4081: checking for stdint.h
configure:4081: gcc -c -pipe -g -O2 -I/usr/include/mysql  -pipe -DHAVE_ERRNO_AS_DEFINE=1 -fno-strict-aliasing   -DUNIV_LINUX -DUNIV_LINUX  conftest.c >&5
configure:4081: $? = 0
configure:4081: result: yes
configure:4081: checking for unistd.h
configure:4081: gcc -c -pipe -g -O2 -I/usr/include/mysql  -pipe -DHAVE_ERRNO_AS_DEFINE=1 -fno-strict-aliasing   -DUNIV_LINUX -DUNIV_LINUX  conftest.c >&5
configure:4081: $? = 0
configure:4081: result: yes
configure:4094: checking for sys/types.h
configure:4094: result: yes
configure:4108: checking for dlopen
configure:4108: gcc -o conftest -pipe -g -O2 -I/usr/include/mysql  -pipe -DHAVE_ERRNO_AS_DEFINE=1 -fno-strict-aliasing   -DUNIV_LINUX -DUNIV_LINUX   -Wl,-O1 -Wl,--as-needed -rdynamic -L/usr/lib64/mysql -lmysqlclient -L/usr//lib -lz -lcrypt -lnsl -lm -L/usr/lib/ -lssl -lcrypto conftest.c -Wl,-O1 -Wl,--as-needed -rdynamic -L/usr/lib64/mysql -lmysqlclient -L/usr//lib -lz -lcrypt -lnsl -lm -L/usr/lib/ -lssl -lcrypto >&5
/tmp/cc6XEeNp.o: In function `main':
/home/adam/anope/anope/conftest.c:58: undefined reference to `dlopen'
collect2: ld returned 1 exit status
configure:4108: $? = 1
configure: failed program was:
| /* confdefs.h */
| #define PACKAGE_NAME ""
| #define PACKAGE_TARNAME ""
| #define PACKAGE_VERSION ""
| #define PACKAGE_STRING ""
| #define PACKAGE_BUGREPORT ""
| #define PACKAGE_URL ""
| #define HAVE_VA_LIST_AS_ARRAY 1
| #define USE_MYSQL 1
| #define USE_RDB 1
| #define LITTLE_ENDIAN 1
| #define STDC_HEADERS 1
| #define HAVE_SYS_TYPES_H 1
| #define HAVE_SYS_STAT_H 1
| #define HAVE_STDLIB_H 1
| #define HAVE_STRING_H 1
| #define HAVE_MEMORY_H 1
| #define HAVE_STRINGS_H 1
| #define HAVE_INTTYPES_H 1
| #define HAVE_STDINT_H 1
| #define HAVE_UNISTD_H 1
| #define HAS_SYS_TYPES_H 1
| /* end confdefs.h.  */
| /* Define dlopen to an innocuous variant, in case <limits.h> declares dlopen.
|    For example, HP-UX 11i <limits.h> declares gettimeofday.  */
| #define dlopen innocuous_dlopen
| 
| /* System header to define __stub macros and hopefully few prototypes,
|     which can conflict with char dlopen (); below.
|     Prefer <limits.h> to <assert.h> if __STDC__ is defined, since
|     <limits.h> exists even on freestanding compilers.  */
| 
| #ifdef __STDC__
| # include <limits.h>
| #else
| # include <assert.h>
| #endif
| 
| #undef dlopen
| 
| /* Override any GCC internal prototype to avoid an error.
|    Use char because int might match the return type of a GCC
|    builtin and then its argument prototype would still apply.  */
| #ifdef __cplusplus
| extern "C"
| #endif
| char dlopen ();
| /* The GNU C library defines this for functions which it implements
|     to always fail with ENOSYS.  Some functions are actually named
|     something starting with __ and the normal name is an alias.  */
| #if defined __stub_dlopen || defined __stub___dlopen
| choke me
| #endif
| 
| int
| main ()
| {
| return dlopen ();
|   ;
|   return 0;
| }
configure:4108: result: no
configure:4112: checking for dlopen in -ldl
configure:4137: gcc -o conftest -pipe -g -O2 -I/usr/include/mysql  -pipe -DHAVE_ERRNO_AS_DEFINE=1 -fno-strict-aliasing   -DUNIV_LINUX -DUNIV_LINUX   -Wl,-O1 -Wl,--as-needed -rdynamic -L/usr/lib64/mysql -lmysqlclient -L/usr//lib -lz -lcrypt -lnsl -lm -L/usr/lib/ -lssl -lcrypto conftest.c -ldl  -Wl,-O1 -Wl,--as-needed -rdynamic -L/usr/lib64/mysql -lmysqlclient -L/usr//lib -lz -lcrypt -lnsl -lm -L/usr/lib/ -lssl -lcrypto >&5
configure:4137: $? = 0
configure:4146: result: yes
configure:4173: checking if we need the -export-dynamic flag
configure:4190: gcc -o conftest -pipe -g -O2 -I/usr/include/mysql  -pipe -DHAVE_ERRNO_AS_DEFINE=1 -fno-strict-aliasing   -DUNIV_LINUX -DUNIV_LINUX -export-dynamic   -Wl,-O1 -Wl,--as-needed -rdynamic -L/usr/lib64/mysql -lmysqlclient -L/usr//lib -lz -lcrypt -lnsl -lm -L/usr/lib/ -lssl -lcrypto conftest.c -Wl,-O1 -Wl,--as-needed -rdynamic -L/usr/lib64/mysql -lmysqlclient -L/usr//lib -lz -lcrypt -lnsl -lm -L/usr/lib/ -lssl -lcrypto >&5
configure:4190: $? = 0
configure:4198: result: yes
configure:4204: checking for compiler option to produce PIC
configure:4231: result: -fPIC -DPIC -shared
configure:4247: checking if your system prepends an underscore on symbols
configure:4268: result: no
configure:4290: checking size of short
configure:4295: gcc -o conftest -pipe -g -O2 -I/usr/include/mysql  -pipe -DHAVE_ERRNO_AS_DEFINE=1 -fno-strict-aliasing   -DUNIV_LINUX -DUNIV_LINUX -export-dynamic   -Wl,-O1 -Wl,--as-needed -rdynamic -L/usr/lib64/mysql -lmysqlclient -L/usr//lib -lz -lcrypt -lnsl -lm -L/usr/lib/ -lssl -lcrypto conftest.c -Wl,-O1 -Wl,--as-needed -rdynamic -L/usr/lib64/mysql -lmysqlclient -L/usr//lib -lz -lcrypt -lnsl -lm -L/usr/lib/ -lssl -lcrypto >&5
configure:4295: $? = 0
configure:4295: ./conftest
configure:4295: $? = 0
configure:4310: result: 2
configure:4324: checking size of int
configure:4329: gcc -o conftest -pipe -g -O2 -I/usr/include/mysql  -pipe -DHAVE_ERRNO_AS_DEFINE=1 -fno-strict-aliasing   -DUNIV_LINUX -DUNIV_LINUX -export-dynamic   -Wl,-O1 -Wl,--as-needed -rdynamic -L/usr/lib64/mysql -lmysqlclient -L/usr//lib -lz -lcrypt -lnsl -lm -L/usr/lib/ -lssl -lcrypto conftest.c -Wl,-O1 -Wl,--as-needed -rdynamic -L/usr/lib64/mysql -lmysqlclient -L/usr//lib -lz -lcrypt -lnsl -lm -L/usr/lib/ -lssl -lcrypto >&5
configure:4329: $? = 0
configure:4329: ./conftest
configure:4329: $? = 0
configure:4344: result: 4
configure:4358: checking size of long
configure:4363: gcc -o conftest -pipe -g -O2 -I/usr/include/mysql  -pipe -DHAVE_ERRNO_AS_DEFINE=1 -fno-strict-aliasing   -DUNIV_LINUX -DUNIV_LINUX -export-dynamic   -Wl,-O1 -Wl,--as-needed -rdynamic -L/usr/lib64/mysql -lmysqlclient -L/usr//lib -lz -lcrypt -lnsl -lm -L/usr/lib/ -lssl -lcrypto conftest.c -Wl,-O1 -Wl,--as-needed -rdynamic -L/usr/lib64/mysql -lmysqlclient -L/usr//lib -lz -lcrypt -lnsl -lm -L/usr/lib/ -lssl -lcrypto >&5
configure:4363: $? = 0
configure:4363: ./conftest
configure:4363: $? = 0
configure:4378: result: 8
configure:4412: checking for int16_t
configure:4412: gcc -c -pipe -g -O2 -I/usr/include/mysql  -pipe -DHAVE_ERRNO_AS_DEFINE=1 -fno-strict-aliasing   -DUNIV_LINUX -DUNIV_LINUX -export-dynamic  conftest.c >&5
configure:4412: $? = 0
configure:4412: gcc -c -pipe -g -O2 -I/usr/include/mysql  -pipe -DHAVE_ERRNO_AS_DEFINE=1 -fno-strict-aliasing   -DUNIV_LINUX -DUNIV_LINUX -export-dynamic  conftest.c >&5
conftest.c: In function 'main':
conftest.c:66:22: error: expected expression before ')' token
configure:4412: $? = 1
configure: failed program was:
| /* confdefs.h */
| #define PACKAGE_NAME ""
| #define PACKAGE_TARNAME ""
| #define PACKAGE_VERSION ""
| #define PACKAGE_STRING ""
| #define PACKAGE_BUGREPORT ""
| #define PACKAGE_URL ""
| #define HAVE_VA_LIST_AS_ARRAY 1
| #define USE_MYSQL 1
| #define USE_RDB 1
| #define LITTLE_ENDIAN 1
| #define STDC_HEADERS 1
| #define HAVE_SYS_TYPES_H 1
| #define HAVE_SYS_STAT_H 1
| #define HAVE_STDLIB_H 1
| #define HAVE_STRING_H 1
| #define HAVE_MEMORY_H 1
| #define HAVE_STRINGS_H 1
| #define HAVE_INTTYPES_H 1
| #define HAVE_STDINT_H 1
| #define HAVE_UNISTD_H 1
| #define HAS_SYS_TYPES_H 1
| #define USE_MODULES 1
| #define DL_PREFIX ""
| #define USE_MODULES 1
| #define SIZEOF_SHORT 2
| #define SIZEOF_INT 4
| #define SIZEOF_LONG 8
| /* end confdefs.h.  */
| #include <stdio.h>
| #ifdef HAVE_SYS_TYPES_H
| # include <sys/types.h>
| #endif
| #ifdef HAVE_SYS_STAT_H
| # include <sys/stat.h>
| #endif
| #ifdef STDC_HEADERS
| # include <stdlib.h>
| # include <stddef.h>
| #else
| # ifdef HAVE_STDLIB_H
| #  include <stdlib.h>
| # endif
| #endif
| #ifdef HAVE_STRING_H
| # if !defined STDC_HEADERS && defined HAVE_MEMORY_H
| #  include <memory.h>
| # endif
| # include <string.h>
| #endif
| #ifdef HAVE_STRINGS_H
| # include <strings.h>
| #endif
| #ifdef HAVE_INTTYPES_H
| # include <inttypes.h>
| #endif
| #ifdef HAVE_STDINT_H
| # include <stdint.h>
| #endif
| #ifdef HAVE_UNISTD_H
| # include <unistd.h>
| #endif
| int
| main ()
| {
| if (sizeof ((int16_t)))
| 	    return 0;
|   ;
|   return 0;
| }
configure:4412: result: yes
configure:4423: checking for u_int16_t
configure:4423: gcc -c -pipe -g -O2 -I/usr/include/mysql  -pipe -DHAVE_ERRNO_AS_DEFINE=1 -fno-strict-aliasing   -DUNIV_LINUX -DUNIV_LINUX -export-dynamic  conftest.c >&5
configure:4423: $? = 0
configure:4423: gcc -c -pipe -g -O2 -I/usr/include/mysql  -pipe -DHAVE_ERRNO_AS_DEFINE=1 -fno-strict-aliasing   -DUNIV_LINUX -DUNIV_LINUX -export-dynamic  conftest.c >&5
conftest.c: In function 'main':
conftest.c:66:24: error: expected expression before ')' token
configure:4423: $? = 1
configure: failed program was:
| /* confdefs.h */
| #define PACKAGE_NAME ""
| #define PACKAGE_TARNAME ""
| #define PACKAGE_VERSION ""
| #define PACKAGE_STRING ""
| #define PACKAGE_BUGREPORT ""
| #define PACKAGE_URL ""
| #define HAVE_VA_LIST_AS_ARRAY 1
| #define USE_MYSQL 1
| #define USE_RDB 1
| #define LITTLE_ENDIAN 1
| #define STDC_HEADERS 1
| #define HAVE_SYS_TYPES_H 1
| #define HAVE_SYS_STAT_H 1
| #define HAVE_STDLIB_H 1
| #define HAVE_STRING_H 1
| #define HAVE_MEMORY_H 1
| #define HAVE_STRINGS_H 1
| #define HAVE_INTTYPES_H 1
| #define HAVE_STDINT_H 1
| #define HAVE_UNISTD_H 1
| #define HAS_SYS_TYPES_H 1
| #define USE_MODULES 1
| #define DL_PREFIX ""
| #define USE_MODULES 1
| #define SIZEOF_SHORT 2
| #define SIZEOF_INT 4
| #define SIZEOF_LONG 8
| /* end confdefs.h.  */
| #include <stdio.h>
| #ifdef HAVE_SYS_TYPES_H
| # include <sys/types.h>
| #endif
| #ifdef HAVE_SYS_STAT_H
| # include <sys/stat.h>
| #endif
| #ifdef STDC_HEADERS
| # include <stdlib.h>
| # include <stddef.h>
| #else
| # ifdef HAVE_STDLIB_H
| #  include <stdlib.h>
| # endif
| #endif
| #ifdef HAVE_STRING_H
| # if !defined STDC_HEADERS && defined HAVE_MEMORY_H
| #  include <memory.h>
| # endif
| # include <string.h>
| #endif
| #ifdef HAVE_STRINGS_H
| # include <strings.h>
| #endif
| #ifdef HAVE_INTTYPES_H
| # include <inttypes.h>
| #endif
| #ifdef HAVE_STDINT_H
| # include <stdint.h>
| #endif
| #ifdef HAVE_UNISTD_H
| # include <unistd.h>
| #endif
| int
| main ()
| {
| if (sizeof ((u_int16_t)))
| 	    return 0;
|   ;
|   return 0;
| }
configure:4423: result: yes
configure:4438: checking for int32_t
configure:4438: gcc -c -pipe -g -O2 -I/usr/include/mysql  -pipe -DHAVE_ERRNO_AS_DEFINE=1 -fno-strict-aliasing   -DUNIV_LINUX -DUNIV_LINUX -export-dynamic  conftest.c >&5
configure:4438: $? = 0
configure:4438: gcc -c -pipe -g -O2 -I/usr/include/mysql  -pipe -DHAVE_ERRNO_AS_DEFINE=1 -fno-strict-aliasing   -DUNIV_LINUX -DUNIV_LINUX -export-dynamic  conftest.c >&5
conftest.c: In function 'main':
conftest.c:66:22: error: expected expression before ')' token
configure:4438: $? = 1
configure: failed program was:
| /* confdefs.h */
| #define PACKAGE_NAME ""
| #define PACKAGE_TARNAME ""
| #define PACKAGE_VERSION ""
| #define PACKAGE_STRING ""
| #define PACKAGE_BUGREPORT ""
| #define PACKAGE_URL ""
| #define HAVE_VA_LIST_AS_ARRAY 1
| #define USE_MYSQL 1
| #define USE_RDB 1
| #define LITTLE_ENDIAN 1
| #define STDC_HEADERS 1
| #define HAVE_SYS_TYPES_H 1
| #define HAVE_SYS_STAT_H 1
| #define HAVE_STDLIB_H 1
| #define HAVE_STRING_H 1
| #define HAVE_MEMORY_H 1
| #define HAVE_STRINGS_H 1
| #define HAVE_INTTYPES_H 1
| #define HAVE_STDINT_H 1
| #define HAVE_UNISTD_H 1
| #define HAS_SYS_TYPES_H 1
| #define USE_MODULES 1
| #define DL_PREFIX ""
| #define USE_MODULES 1
| #define SIZEOF_SHORT 2
| #define SIZEOF_INT 4
| #define SIZEOF_LONG 8
| /* end confdefs.h.  */
| #include <stdio.h>
| #ifdef HAVE_SYS_TYPES_H
| # include <sys/types.h>
| #endif
| #ifdef HAVE_SYS_STAT_H
| # include <sys/stat.h>
| #endif
| #ifdef STDC_HEADERS
| # include <stdlib.h>
| # include <stddef.h>
| #else
| # ifdef HAVE_STDLIB_H
| #  include <stdlib.h>
| # endif
| #endif
| #ifdef HAVE_STRING_H
| # if !defined STDC_HEADERS && defined HAVE_MEMORY_H
| #  include <memory.h>
| # endif
| # include <string.h>
| #endif
| #ifdef HAVE_STRINGS_H
| # include <strings.h>
| #endif
| #ifdef HAVE_INTTYPES_H
| # include <inttypes.h>
| #endif
| #ifdef HAVE_STDINT_H
| # include <stdint.h>
| #endif
| #ifdef HAVE_UNISTD_H
| # include <unistd.h>
| #endif
| int
| main ()
| {
| if (sizeof ((int32_t)))
| 	    return 0;
|   ;
|   return 0;
| }
configure:4438: result: yes
configure:4449: checking for u_int32_t
configure:4449: gcc -c -pipe -g -O2 -I/usr/include/mysql  -pipe -DHAVE_ERRNO_AS_DEFINE=1 -fno-strict-aliasing   -DUNIV_LINUX -DUNIV_LINUX -export-dynamic  conftest.c >&5
configure:4449: $? = 0
configure:4449: gcc -c -pipe -g -O2 -I/usr/include/mysql  -pipe -DHAVE_ERRNO_AS_DEFINE=1 -fno-strict-aliasing   -DUNIV_LINUX -DUNIV_LINUX -export-dynamic  conftest.c >&5
conftest.c: In function 'main':
conftest.c:66:24: error: expected expression before ')' token
configure:4449: $? = 1
configure: failed program was:
| /* confdefs.h */
| #define PACKAGE_NAME ""
| #define PACKAGE_TARNAME ""
| #define PACKAGE_VERSION ""
| #define PACKAGE_STRING ""
| #define PACKAGE_BUGREPORT ""
| #define PACKAGE_URL ""
| #define HAVE_VA_LIST_AS_ARRAY 1
| #define USE_MYSQL 1
| #define USE_RDB 1
| #define LITTLE_ENDIAN 1
| #define STDC_HEADERS 1
| #define HAVE_SYS_TYPES_H 1
| #define HAVE_SYS_STAT_H 1
| #define HAVE_STDLIB_H 1
| #define HAVE_STRING_H 1
| #define HAVE_MEMORY_H 1
| #define HAVE_STRINGS_H 1
| #define HAVE_INTTYPES_H 1
| #define HAVE_STDINT_H 1
| #define HAVE_UNISTD_H 1
| #define HAS_SYS_TYPES_H 1
| #define USE_MODULES 1
| #define DL_PREFIX ""
| #define USE_MODULES 1
| #define SIZEOF_SHORT 2
| #define SIZEOF_INT 4
| #define SIZEOF_LONG 8
| /* end confdefs.h.  */
| #include <stdio.h>
| #ifdef HAVE_SYS_TYPES_H
| # include <sys/types.h>
| #endif
| #ifdef HAVE_SYS_STAT_H
| # include <sys/stat.h>
| #endif
| #ifdef STDC_HEADERS
| # include <stdlib.h>
| # include <stddef.h>
| #else
| # ifdef HAVE_STDLIB_H
| #  include <stdlib.h>
| # endif
| #endif
| #ifdef HAVE_STRING_H
| # if !defined STDC_HEADERS && defined HAVE_MEMORY_H
| #  include <memory.h>
| # endif
| # include <string.h>
| #endif
| #ifdef HAVE_STRINGS_H
| # include <strings.h>
| #endif
| #ifdef HAVE_INTTYPES_H
| # include <inttypes.h>
| #endif
| #ifdef HAVE_STDINT_H
| # include <stdint.h>
| #endif
| #ifdef HAVE_UNISTD_H
| # include <unistd.h>
| #endif
| int
| main ()
| {
| if (sizeof ((u_int32_t)))
| 	    return 0;
|   ;
|   return 0;
| }
configure:4449: result: yes
configure:4511: checking for strings.h
configure:4511: result: yes
configure:4519: checking sys/select.h usability
configure:4519: gcc -c -pipe -g -O2 -I/usr/include/mysql  -pipe -DHAVE_ERRNO_AS_DEFINE=1 -fno-strict-aliasing   -DUNIV_LINUX -DUNIV_LINUX -export-dynamic  conftest.c >&5
configure:4519: $? = 0
configure:4519: result: yes
configure:4519: checking sys/select.h presence
configure:4519: gcc -E  conftest.c
configure:4519: $? = 0
configure:4519: result: yes
configure:4519: checking for sys/select.h
configure:4519: result: yes
configure:4530: checking for backtrace
configure:4530: gcc -o conftest -pipe -g -O2 -I/usr/include/mysql  -pipe -DHAVE_ERRNO_AS_DEFINE=1 -fno-strict-aliasing   -DUNIV_LINUX -DUNIV_LINUX -export-dynamic   -Wl,-O1 -Wl,--as-needed -rdynamic -L/usr/lib64/mysql -lmysqlclient -L/usr//lib -lz -lcrypt -lnsl -lm -L/usr/lib/ -lssl -lcrypto conftest.c -Wl,-O1 -Wl,--as-needed -rdynamic -L/usr/lib64/mysql -lmysqlclient -L/usr//lib -lz -lcrypt -lnsl -lm -L/usr/lib/ -lssl -lcrypto >&5
configure:4530: $? = 0
configure:4530: result: yes
configure:4542: checking for strerror
configure:4542: gcc -o conftest -pipe -g -O2 -I/usr/include/mysql  -pipe -DHAVE_ERRNO_AS_DEFINE=1 -fno-strict-aliasing   -DUNIV_LINUX -DUNIV_LINUX -export-dynamic   -Wl,-O1 -Wl,--as-needed -rdynamic -L/usr/lib64/mysql -lmysqlclient -L/usr//lib -lz -lcrypt -lnsl -lm -L/usr/lib/ -lssl -lcrypto conftest.c -Wl,-O1 -Wl,--as-needed -rdynamic -L/usr/lib64/mysql -lmysqlclient -L/usr//lib -lz -lcrypt -lnsl -lm -L/usr/lib/ -lssl -lcrypto >&5
configure:4542: $? = 0
configure:4542: result: yes
configure:4554: checking for sys_errlist
configure:4554: gcc -o conftest -pipe -g -O2 -I/usr/include/mysql  -pipe -DHAVE_ERRNO_AS_DEFINE=1 -fno-strict-aliasing   -DUNIV_LINUX -DUNIV_LINUX -export-dynamic   -Wl,-O1 -Wl,--as-needed -rdynamic -L/usr/lib64/mysql -lmysqlclient -L/usr//lib -lz -lcrypt -lnsl -lm -L/usr/lib/ -lssl -lcrypto conftest.c -Wl,-O1 -Wl,--as-needed -rdynamic -L/usr/lib64/mysql -lmysqlclient -L/usr//lib -lz -lcrypt -lnsl -lm -L/usr/lib/ -lssl -lcrypto >&5
/tmp/ccfUiwoX.o: In function `main':
/home/adam/anope/anope/conftest.c:70: warning: `sys_errlist' is deprecated; use `strerror' or `strerror_r' instead
configure:4554: $? = 0
configure:4554: result: yes
configure:4566: checking for snprintf
configure:4566: gcc -o conftest -pipe -g -O2 -I/usr/include/mysql  -pipe -DHAVE_ERRNO_AS_DEFINE=1 -fno-strict-aliasing   -DUNIV_LINUX -DUNIV_LINUX -export-dynamic   -Wl,-O1 -Wl,--as-needed -rdynamic -L/usr/lib64/mysql -lmysqlclient -L/usr//lib -lz -lcrypt -lnsl -lm -L/usr/lib/ -lssl -lcrypto conftest.c -Wl,-O1 -Wl,--as-needed -rdynamic -L/usr/lib64/mysql -lmysqlclient -L/usr//lib -lz -lcrypt -lnsl -lm -L/usr/lib/ -lssl -lcrypto >&5
conftest.c:61:6: warning: conflicting types for built-in function 'snprintf'
configure:4566: $? = 0
configure:4566: result: yes
configure:4578: checking for stricmp
configure:4578: gcc -o conftest -pipe -g -O2 -I/usr/include/mysql  -pipe -DHAVE_ERRNO_AS_DEFINE=1 -fno-strict-aliasing   -DUNIV_LINUX -DUNIV_LINUX -export-dynamic   -Wl,-O1 -Wl,--as-needed -rdynamic -L/usr/lib64/mysql -lmysqlclient -L/usr//lib -lz -lcrypt -lnsl -lm -L/usr/lib/ -lssl -lcrypto conftest.c -Wl,-O1 -Wl,--as-needed -rdynamic -L/usr/lib64/mysql -lmysqlclient -L/usr//lib -lz -lcrypt -lnsl -lm -L/usr/lib/ -lssl -lcrypto >&5
/tmp/ccFH1dCb.o: In function `main':
/home/adam/anope/anope/conftest.c:74: undefined reference to `stricmp'
collect2: ld returned 1 exit status
configure:4578: $? = 1
configure: failed program was:
| /* confdefs.h */
| #define PACKAGE_NAME ""
| #define PACKAGE_TARNAME ""
| #define PACKAGE_VERSION ""
| #define PACKAGE_STRING ""
| #define PACKAGE_BUGREPORT ""
| #define PACKAGE_URL ""
| #define HAVE_VA_LIST_AS_ARRAY 1
| #define USE_MYSQL 1
| #define USE_RDB 1
| #define LITTLE_ENDIAN 1
| #define STDC_HEADERS 1
| #define HAVE_SYS_TYPES_H 1
| #define HAVE_SYS_STAT_H 1
| #define HAVE_STDLIB_H 1
| #define HAVE_STRING_H 1
| #define HAVE_MEMORY_H 1
| #define HAVE_STRINGS_H 1
| #define HAVE_INTTYPES_H 1
| #define HAVE_STDINT_H 1
| #define HAVE_UNISTD_H 1
| #define HAS_SYS_TYPES_H 1
| #define USE_MODULES 1
| #define DL_PREFIX ""
| #define USE_MODULES 1
| #define SIZEOF_SHORT 2
| #define SIZEOF_INT 4
| #define SIZEOF_LONG 8
| #define HAVE_STRINGS_H 1
| #define HAVE_SYS_SELECT_H 1
| #define HAVE_BACKTRACE 1
| #define HAVE_BACKTRACE 1
| #define HAVE_STRERROR 1
| #define HAVE_STRERROR 1
| #define HAVE_SYS_ERRLIST 1
| #define HAVE_SYS_ERRLIST 1
| #define HAVE_SNPRINTF 1
| #define HAVE_SNPRINTF 1
| /* end confdefs.h.  */
| /* Define stricmp to an innocuous variant, in case <limits.h> declares stricmp.
|    For example, HP-UX 11i <limits.h> declares gettimeofday.  */
| #define stricmp innocuous_stricmp
| 
| /* System header to define __stub macros and hopefully few prototypes,
|     which can conflict with char stricmp (); below.
|     Prefer <limits.h> to <assert.h> if __STDC__ is defined, since
|     <limits.h> exists even on freestanding compilers.  */
| 
| #ifdef __STDC__
| # include <limits.h>
| #else
| # include <assert.h>
| #endif
| 
| #undef stricmp
| 
| /* Override any GCC internal prototype to avoid an error.
|    Use char because int might match the return type of a GCC
|    builtin and then its argument prototype would still apply.  */
| #ifdef __cplusplus
| extern "C"
| #endif
| char stricmp ();
| /* The GNU C library defines this for functions which it implements
|     to always fail with ENOSYS.  Some functions are actually named
|     something starting with __ and the normal name is an alias.  */
| #if defined __stub_stricmp || defined __stub___stricmp
| choke me
| #endif
| 
| int
| main ()
| {
| return stricmp ();
|   ;
|   return 0;
| }
configure:4578: result: no
configure:4590: checking for strcasecmp
configure:4590: gcc -o conftest -pipe -g -O2 -I/usr/include/mysql  -pipe -DHAVE_ERRNO_AS_DEFINE=1 -fno-strict-aliasing   -DUNIV_LINUX -DUNIV_LINUX -export-dynamic   -Wl,-O1 -Wl,--as-needed -rdynamic -L/usr/lib64/mysql -lmysqlclient -L/usr//lib -lz -lcrypt -lnsl -lm -L/usr/lib/ -lssl -lcrypto conftest.c -Wl,-O1 -Wl,--as-needed -rdynamic -L/usr/lib64/mysql -lmysqlclient -L/usr//lib -lz -lcrypt -lnsl -lm -L/usr/lib/ -lssl -lcrypto >&5
conftest.c:63:6: warning: conflicting types for built-in function 'strcasecmp'
configure:4590: $? = 0
configure:4590: result: yes
configure:4602: checking for strdup
configure:4602: gcc -o conftest -pipe -g -O2 -I/usr/include/mysql  -pipe -DHAVE_ERRNO_AS_DEFINE=1 -fno-strict-aliasing   -DUNIV_LINUX -DUNIV_LINUX -export-dynamic   -Wl,-O1 -Wl,--as-needed -rdynamic -L/usr/lib64/mysql -lmysqlclient -L/usr//lib -lz -lcrypt -lnsl -lm -L/usr/lib/ -lssl -lcrypto conftest.c -Wl,-O1 -Wl,--as-needed -rdynamic -L/usr/lib64/mysql -lmysqlclient -L/usr//lib -lz -lcrypt -lnsl -lm -L/usr/lib/ -lssl -lcrypto >&5
conftest.c:65:6: warning: conflicting types for built-in function 'strdup'
configure:4602: $? = 0
configure:4602: result: yes
configure:4614: checking for strspn
configure:4614: gcc -o conftest -pipe -g -O2 -I/usr/include/mysql  -pipe -DHAVE_ERRNO_AS_DEFINE=1 -fno-strict-aliasing   -DUNIV_LINUX -DUNIV_LINUX -export-dynamic   -Wl,-O1 -Wl,--as-needed -rdynamic -L/usr/lib64/mysql -lmysqlclient -L/usr//lib -lz -lcrypt -lnsl -lm -L/usr/lib/ -lssl -lcrypto conftest.c -Wl,-O1 -Wl,--as-needed -rdynamic -L/usr/lib64/mysql -lmysqlclient -L/usr//lib -lz -lcrypt -lnsl -lm -L/usr/lib/ -lssl -lcrypto >&5
conftest.c:67:6: warning: conflicting types for built-in function 'strspn'
configure:4614: $? = 0
configure:4614: result: yes
configure:4626: checking for strsignal
configure:4626: gcc -o conftest -pipe -g -O2 -I/usr/include/mysql  -pipe -DHAVE_ERRNO_AS_DEFINE=1 -fno-strict-aliasing   -DUNIV_LINUX -DUNIV_LINUX -export-dynamic   -Wl,-O1 -Wl,--as-needed -rdynamic -L/usr/lib64/mysql -lmysqlclient -L/usr//lib -lz -lcrypt -lnsl -lm -L/usr/lib/ -lssl -lcrypto conftest.c -Wl,-O1 -Wl,--as-needed -rdynamic -L/usr/lib64/mysql -lmysqlclient -L/usr//lib -lz -lcrypt -lnsl -lm -L/usr/lib/ -lssl -lcrypto >&5
configure:4626: $? = 0
configure:4626: result: yes
configure:4638: checking for gettimeofday
configure:4638: gcc -o conftest -pipe -g -O2 -I/usr/include/mysql  -pipe -DHAVE_ERRNO_AS_DEFINE=1 -fno-strict-aliasing   -DUNIV_LINUX -DUNIV_LINUX -export-dynamic   -Wl,-O1 -Wl,--as-needed -rdynamic -L/usr/lib64/mysql -lmysqlclient -L/usr//lib -lz -lcrypt -lnsl -lm -L/usr/lib/ -lssl -lcrypto conftest.c -Wl,-O1 -Wl,--as-needed -rdynamic -L/usr/lib64/mysql -lmysqlclient -L/usr//lib -lz -lcrypt -lnsl -lm -L/usr/lib/ -lssl -lcrypto >&5
configure:4638: $? = 0
configure:4638: result: yes
configure:4650: checking for setgrent
configure:4650: gcc -o conftest -pipe -g -O2 -I/usr/include/mysql  -pipe -DHAVE_ERRNO_AS_DEFINE=1 -fno-strict-aliasing   -DUNIV_LINUX -DUNIV_LINUX -export-dynamic   -Wl,-O1 -Wl,--as-needed -rdynamic -L/usr/lib64/mysql -lmysqlclient -L/usr//lib -lz -lcrypt -lnsl -lm -L/usr/lib/ -lssl -lcrypto conftest.c -Wl,-O1 -Wl,--as-needed -rdynamic -L/usr/lib64/mysql -lmysqlclient -L/usr//lib -lz -lcrypt -lnsl -lm -L/usr/lib/ -lssl -lcrypto >&5
configure:4650: $? = 0
configure:4650: result: yes
configure:4662: checking for umask
configure:4662: gcc -o conftest -pipe -g -O2 -I/usr/include/mysql  -pipe -DHAVE_ERRNO_AS_DEFINE=1 -fno-strict-aliasing   -DUNIV_LINUX -DUNIV_LINUX -export-dynamic   -Wl,-O1 -Wl,--as-needed -rdynamic -L/usr/lib64/mysql -lmysqlclient -L/usr//lib -lz -lcrypt -lnsl -lm -L/usr/lib/ -lssl -lcrypto conftest.c -Wl,-O1 -Wl,--as-needed -rdynamic -L/usr/lib64/mysql -lmysqlclient -L/usr//lib -lz -lcrypt -lnsl -lm -L/usr/lib/ -lssl -lcrypto >&5
configure:4662: $? = 0
configure:4662: result: yes
configure:4674: checking for fork
configure:4674: gcc -o conftest -pipe -g -O2 -I/usr/include/mysql  -pipe -DHAVE_ERRNO_AS_DEFINE=1 -fno-strict-aliasing   -DUNIV_LINUX -DUNIV_LINUX -export-dynamic   -Wl,-O1 -Wl,--as-needed -rdynamic -L/usr/lib64/mysql -lmysqlclient -L/usr//lib -lz -lcrypt -lnsl -lm -L/usr/lib/ -lssl -lcrypto conftest.c -Wl,-O1 -Wl,--as-needed -rdynamic -L/usr/lib64/mysql -lmysqlclient -L/usr//lib -lz -lcrypt -lnsl -lm -L/usr/lib/ -lssl -lcrypto >&5
conftest.c:77:6: warning: conflicting types for built-in function 'fork'
configure:4674: $? = 0
configure:4674: result: yes
configure:4686: checking for gethostbyname
configure:4686: gcc -o conftest -pipe -g -O2 -I/usr/include/mysql  -pipe -DHAVE_ERRNO_AS_DEFINE=1 -fno-strict-aliasing   -DUNIV_LINUX -DUNIV_LINUX -export-dynamic   -Wl,-O1 -Wl,--as-needed -rdynamic -L/usr/lib64/mysql -lmysqlclient -L/usr//lib -lz -lcrypt -lnsl -lm -L/usr/lib/ -lssl -lcrypto conftest.c -Wl,-O1 -Wl,--as-needed -rdynamic -L/usr/lib64/mysql -lmysqlclient -L/usr//lib -lz -lcrypt -lnsl -lm -L/usr/lib/ -lssl -lcrypto >&5
configure:4686: $? = 0
configure:4686: result: yes
configure:4698: checking for gethostbyname_r
configure:4698: gcc -o conftest -pipe -g -O2 -I/usr/include/mysql  -pipe -DHAVE_ERRNO_AS_DEFINE=1 -fno-strict-aliasing   -DUNIV_LINUX -DUNIV_LINUX -export-dynamic   -Wl,-O1 -Wl,--as-needed -rdynamic -L/usr/lib64/mysql -lmysqlclient -L/usr//lib -lz -lcrypt -lnsl -lm -L/usr/lib/ -lssl -lcrypto conftest.c -Wl,-O1 -Wl,--as-needed -rdynamic -L/usr/lib64/mysql -lmysqlclient -L/usr//lib -lz -lcrypt -lnsl -lm -L/usr/lib/ -lssl -lcrypto >&5
configure:4698: $? = 0
configure:4698: result: yes
configure:4710: checking for strlcpy
configure:4710: gcc -o conftest -pipe -g -O2 -I/usr/include/mysql  -pipe -DHAVE_ERRNO_AS_DEFINE=1 -fno-strict-aliasing   -DUNIV_LINUX -DUNIV_LINUX -export-dynamic   -Wl,-O1 -Wl,--as-needed -rdynamic -L/usr/lib64/mysql -lmysqlclient -L/usr//lib -lz -lcrypt -lnsl -lm -L/usr/lib/ -lssl -lcrypto conftest.c -Wl,-O1 -Wl,--as-needed -rdynamic -L/usr/lib64/mysql -lmysqlclient -L/usr//lib -lz -lcrypt -lnsl -lm -L/usr/lib/ -lssl -lcrypto >&5
/tmp/ccr7sQDc.o: In function `main':
/home/adam/anope/anope/conftest.c:94: undefined reference to `strlcpy'
collect2: ld returned 1 exit status
configure:4710: $? = 1
configure: failed program was:
| /* confdefs.h */
| #define PACKAGE_NAME ""
| #define PACKAGE_TARNAME ""
| #define PACKAGE_VERSION ""
| #define PACKAGE_STRING ""
| #define PACKAGE_BUGREPORT ""
| #define PACKAGE_URL ""
| #define HAVE_VA_LIST_AS_ARRAY 1
| #define USE_MYSQL 1
| #define USE_RDB 1
| #define LITTLE_ENDIAN 1
| #define STDC_HEADERS 1
| #define HAVE_SYS_TYPES_H 1
| #define HAVE_SYS_STAT_H 1
| #define HAVE_STDLIB_H 1
| #define HAVE_STRING_H 1
| #define HAVE_MEMORY_H 1
| #define HAVE_STRINGS_H 1
| #define HAVE_INTTYPES_H 1
| #define HAVE_STDINT_H 1
| #define HAVE_UNISTD_H 1
| #define HAS_SYS_TYPES_H 1
| #define USE_MODULES 1
| #define DL_PREFIX ""
| #define USE_MODULES 1
| #define SIZEOF_SHORT 2
| #define SIZEOF_INT 4
| #define SIZEOF_LONG 8
| #define HAVE_STRINGS_H 1
| #define HAVE_SYS_SELECT_H 1
| #define HAVE_BACKTRACE 1
| #define HAVE_BACKTRACE 1
| #define HAVE_STRERROR 1
| #define HAVE_STRERROR 1
| #define HAVE_SYS_ERRLIST 1
| #define HAVE_SYS_ERRLIST 1
| #define HAVE_SNPRINTF 1
| #define HAVE_SNPRINTF 1
| #define HAVE_STRCASECMP 1
| #define HAVE_STRCASECMP 1
| #define HAVE_STRDUP 1
| #define HAVE_STRDUP 1
| #define HAVE_STRSPN 1
| #define HAVE_STRSPN 1
| #define HAVE_STRSIGNAL 1
| #define HAVE_STRSIGNAL 1
| #define HAVE_GETTIMEOFDAY 1
| #define HAVE_GETTIMEOFDAY 1
| #define HAVE_SETGRENT 1
| #define HAVE_SETGRENT 1
| #define HAVE_UMASK 1
| #define HAVE_UMASK 1
| #define HAVE_FORK 1
| #define HAVE_FORK 1
| #define HAVE_GETHOSTBYNAME 1
| #define HAVE_GETHOSTBYNAME 1
| #define HAVE_GETHOSTBYNAME_R 1
| #define HAVE_GETHOSTBYNAME_R 1
| /* end confdefs.h.  */
| /* Define strlcpy to an innocuous variant, in case <limits.h> declares strlcpy.
|    For example, HP-UX 11i <limits.h> declares gettimeofday.  */
| #define strlcpy innocuous_strlcpy
| 
| /* System header to define __stub macros and hopefully few prototypes,
|     which can conflict with char strlcpy (); below.
|     Prefer <limits.h> to <assert.h> if __STDC__ is defined, since
|     <limits.h> exists even on freestanding compilers.  */
| 
| #ifdef __STDC__
| # include <limits.h>
| #else
| # include <assert.h>
| #endif
| 
| #undef strlcpy
| 
| /* Override any GCC internal prototype to avoid an error.
|    Use char because int might match the return type of a GCC
|    builtin and then its argument prototype would still apply.  */
| #ifdef __cplusplus
| extern "C"
| #endif
| char strlcpy ();
| /* The GNU C library defines this for functions which it implements
|     to always fail with ENOSYS.  Some functions are actually named
|     something starting with __ and the normal name is an alias.  */
| #if defined __stub_strlcpy || defined __stub___strlcpy
| choke me
| #endif
| 
| int
| main ()
| {
| return strlcpy ();
|   ;
|   return 0;
| }
configure:4710: result: no
configure:4722: checking for strlcat
configure:4722: gcc -o conftest -pipe -g -O2 -I/usr/include/mysql  -pipe -DHAVE_ERRNO_AS_DEFINE=1 -fno-strict-aliasing   -DUNIV_LINUX -DUNIV_LINUX -export-dynamic   -Wl,-O1 -Wl,--as-needed -rdynamic -L/usr/lib64/mysql -lmysqlclient -L/usr//lib -lz -lcrypt -lnsl -lm -L/usr/lib/ -lssl -lcrypto conftest.c -Wl,-O1 -Wl,--as-needed -rdynamic -L/usr/lib64/mysql -lmysqlclient -L/usr//lib -lz -lcrypt -lnsl -lm -L/usr/lib/ -lssl -lcrypto >&5
/tmp/ccWzY0sj.o: In function `main':
/home/adam/anope/anope/conftest.c:94: undefined reference to `strlcat'
collect2: ld returned 1 exit status
configure:4722: $? = 1
configure: failed program was:
| /* confdefs.h */
| #define PACKAGE_NAME ""
| #define PACKAGE_TARNAME ""
| #define PACKAGE_VERSION ""
| #define PACKAGE_STRING ""
| #define PACKAGE_BUGREPORT ""
| #define PACKAGE_URL ""
| #define HAVE_VA_LIST_AS_ARRAY 1
| #define USE_MYSQL 1
| #define USE_RDB 1
| #define LITTLE_ENDIAN 1
| #define STDC_HEADERS 1
| #define HAVE_SYS_TYPES_H 1
| #define HAVE_SYS_STAT_H 1
| #define HAVE_STDLIB_H 1
| #define HAVE_STRING_H 1
| #define HAVE_MEMORY_H 1
| #define HAVE_STRINGS_H 1
| #define HAVE_INTTYPES_H 1
| #define HAVE_STDINT_H 1
| #define HAVE_UNISTD_H 1
| #define HAS_SYS_TYPES_H 1
| #define USE_MODULES 1
| #define DL_PREFIX ""
| #define USE_MODULES 1
| #define SIZEOF_SHORT 2
| #define SIZEOF_INT 4
| #define SIZEOF_LONG 8
| #define HAVE_STRINGS_H 1
| #define HAVE_SYS_SELECT_H 1
| #define HAVE_BACKTRACE 1
| #define HAVE_BACKTRACE 1
| #define HAVE_STRERROR 1
| #define HAVE_STRERROR 1
| #define HAVE_SYS_ERRLIST 1
| #define HAVE_SYS_ERRLIST 1
| #define HAVE_SNPRINTF 1
| #define HAVE_SNPRINTF 1
| #define HAVE_STRCASECMP 1
| #define HAVE_STRCASECMP 1
| #define HAVE_STRDUP 1
| #define HAVE_STRDUP 1
| #define HAVE_STRSPN 1
| #define HAVE_STRSPN 1
| #define HAVE_STRSIGNAL 1
| #define HAVE_STRSIGNAL 1
| #define HAVE_GETTIMEOFDAY 1
| #define HAVE_GETTIMEOFDAY 1
| #define HAVE_SETGRENT 1
| #define HAVE_SETGRENT 1
| #define HAVE_UMASK 1
| #define HAVE_UMASK 1
| #define HAVE_FORK 1
| #define HAVE_FORK 1
| #define HAVE_GETHOSTBYNAME 1
| #define HAVE_GETHOSTBYNAME 1
| #define HAVE_GETHOSTBYNAME_R 1
| #define HAVE_GETHOSTBYNAME_R 1
| /* end confdefs.h.  */
| /* Define strlcat to an innocuous variant, in case <limits.h> declares strlcat.
|    For example, HP-UX 11i <limits.h> declares gettimeofday.  */
| #define strlcat innocuous_strlcat
| 
| /* System header to define __stub macros and hopefully few prototypes,
|     which can conflict with char strlcat (); below.
|     Prefer <limits.h> to <assert.h> if __STDC__ is defined, since
|     <limits.h> exists even on freestanding compilers.  */
| 
| #ifdef __STDC__
| # include <limits.h>
| #else
| # include <assert.h>
| #endif
| 
| #undef strlcat
| 
| /* Override any GCC internal prototype to avoid an error.
|    Use char because int might match the return type of a GCC
|    builtin and then its argument prototype would still apply.  */
| #ifdef __cplusplus
| extern "C"
| #endif
| char strlcat ();
| /* The GNU C library defines this for functions which it implements
|     to always fail with ENOSYS.  Some functions are actually named
|     something starting with __ and the normal name is an alias.  */
| #if defined __stub_strlcat || defined __stub___strlcat
| choke me
| #endif
| 
| int
| main ()
| {
| return strlcat ();
|   ;
|   return 0;
| }
configure:4722: result: no
configure:4910: creating ./config.status

## ---------------------- ##
## Running config.status. ##
## ---------------------- ##

This file was extended by config.status, which was
generated by GNU Autoconf 2.65.  Invocation command line was

  CONFIG_FILES    = 
  CONFIG_HEADERS  = 
  CONFIG_LINKS    = 
  CONFIG_COMMANDS = 
  $ ./config.status 

on home

config.status:860: creating Makefile
config.status:860: creating src/bin/anoperc
config.status:860: creating include/sysconf.h
config.status:1021: include/sysconf.h is unchanged

## ---------------- ##
## Cache variables. ##
## ---------------- ##

ac_cv_c_compiler_gnu=yes
ac_cv_env_CC_set=
ac_cv_env_CC_value=
ac_cv_env_CFLAGS_set=
ac_cv_env_CFLAGS_value=
ac_cv_env_CPPFLAGS_set=
ac_cv_env_CPPFLAGS_value=
ac_cv_env_CPP_set=
ac_cv_env_CPP_value=
ac_cv_env_LDFLAGS_set=
ac_cv_env_LDFLAGS_value=
ac_cv_env_LIBS_set=
ac_cv_env_LIBS_value=
ac_cv_env_build_alias_set=
ac_cv_env_build_alias_value=
ac_cv_env_host_alias_set=
ac_cv_env_host_alias_value=
ac_cv_env_target_alias_set=
ac_cv_env_target_alias_value=
ac_cv_export_dynamic=yes
ac_cv_func_backtrace=yes
ac_cv_func_dlopen=no
ac_cv_func_fork=yes
ac_cv_func_gethostbyname=yes
ac_cv_func_gethostbyname_r=yes
ac_cv_func_gettimeofday=yes
ac_cv_func_setgrent=yes
ac_cv_func_snprintf=yes
ac_cv_func_strcasecmp=yes
ac_cv_func_strdup=yes
ac_cv_func_strerror=yes
ac_cv_func_stricmp=no
ac_cv_func_strlcat=no
ac_cv_func_strlcpy=no
ac_cv_func_strsignal=yes
ac_cv_func_strspn=yes
ac_cv_func_sys_errlist=yes
ac_cv_func_umask=yes
ac_cv_header_inttypes_h=yes
ac_cv_header_memory_h=yes
ac_cv_header_stdc=yes
ac_cv_header_stdint_h=yes
ac_cv_header_stdlib_h=yes
ac_cv_header_string_h=yes
ac_cv_header_strings_h=yes
ac_cv_header_sys_select_h=yes
ac_cv_header_sys_stat_h=yes
ac_cv_header_sys_types_h=yes
ac_cv_header_unistd_h=yes
ac_cv_lib_bsd_revoke=no
ac_cv_lib_dl_dlopen=yes
ac_cv_lib_nsl_inet_ntoa=yes
ac_cv_lib_resolv_res_query=no
ac_cv_lib_socket_socket=no
ac_cv_mysql_valid=yes
ac_cv_objext=o
ac_cv_path_CP=/bin/cp
ac_cv_path_EGREP='/bin/grep -E'
ac_cv_path_GREP=/bin/grep
ac_cv_path_INSTALL=/usr/bin/install
ac_cv_path_MYSQLCONF=/usr/bin/mysql_config
ac_cv_path_RM=/bin/rm
ac_cv_path_TOUCH=/usr/bin/touch
ac_cv_pic='-fPIC -DPIC -shared'
ac_cv_pipe=yes
ac_cv_prog_CPP='gcc -E'
ac_cv_prog_ac_ct_CC=gcc
ac_cv_prog_cc_c89=
ac_cv_prog_cc_g=yes
ac_cv_sizeof_int=4
ac_cv_sizeof_long=8
ac_cv_sizeof_short=2
ac_cv_type_int16_t=yes
ac_cv_type_int32_t=yes
ac_cv_type_u_int16_t=yes
ac_cv_type_u_int32_t=yes
ac_cv_underscore=no
ac_cv_valistisarray=true

## ----------------- ##
## Output variables. ##
## ----------------- ##

ANOPELIBS='-lnsl  -ldl'
BINDEST='/home/adam/anope/services-stable'
CC='gcc'
CFLAGS='-pipe -g -O2 -I/usr/include/mysql  -pipe -DHAVE_ERRNO_AS_DEFINE=1 -fno-strict-aliasing   -DUNIV_LINUX -DUNIV_LINUX -export-dynamic'
CP='/bin/cp'
CPP='gcc -E'
CPPFLAGS=''
DATDEST='/home/adam/anope/services-stable'
DEFS='-DHAVE_CONFIG_H'
ECHO_C=''
ECHO_N='-n'
ECHO_T=''
EGREP='/bin/grep -E'
EXEEXT=''
GREP='/bin/grep'
INSTALL='/usr/bin/install'
LDFLAGS=' -Wl,-O1 -Wl,--as-needed -rdynamic -L/usr/lib64/mysql -lmysqlclient -L/usr//lib -lz -lcrypt -lnsl -lm -L/usr/lib/ -lssl -lcrypto'
LIBOBJS=''
LIBS='-Wl,-O1 -Wl,--as-needed -rdynamic -L/usr/lib64/mysql -lmysqlclient -L/usr//lib -lz -lcrypt -lnsl -lm -L/usr/lib/ -lssl -lcrypto'
LTLIBOBJS=''
MODULEFLAGS='-fPIC -DPIC -shared'
MODULE_PATH='/home/adam/anope/services-stable/modules/'
MYSQL=' mysql.c '
MYSQLCONF='/usr/bin/mysql_config'
OBJEXT='o'
PACKAGE_BUGREPORT=''
PACKAGE_NAME=''
PACKAGE_STRING=''
PACKAGE_TARNAME=''
PACKAGE_URL=''
PACKAGE_VERSION=''
PATH_SEPARATOR=':'
RDB=' rdb.c '
RM='/bin/rm'
RUNGROUP=''
SHARED='-shared'
SHELL='/bin/sh'
TOUCH='/usr/bin/touch'
ac_ct_CC='gcc'
bindir='${exec_prefix}/bin'
build_alias=''
datadir='${datarootdir}'
datarootdir='${prefix}/share'
docdir='${datarootdir}/doc/${PACKAGE}'
dvidir='${docdir}'
exec_prefix='${prefix}'
host_alias=''
htmldir='${docdir}'
includedir='${prefix}/include'
infodir='${datarootdir}/info'
libdir='${exec_prefix}/lib'
libexecdir='${exec_prefix}/libexec'
localedir='${datarootdir}/locale'
localstatedir='${prefix}/var'
mandir='${datarootdir}/man'
oldincludedir='/usr/include'
pdfdir='${docdir}'
prefix='/usr/local'
program_transform_name='s,x,x,'
psdir='${docdir}'
sbindir='${exec_prefix}/sbin'
sharedstatedir='${prefix}/com'
sysconfdir='${prefix}/etc'
target_alias=''

## ----------- ##
## confdefs.h. ##
## ----------- ##

/* confdefs.h */
#define PACKAGE_NAME ""
#define PACKAGE_TARNAME ""
#define PACKAGE_VERSION ""
#define PACKAGE_STRING ""
#define PACKAGE_BUGREPORT ""
#define PACKAGE_URL ""
#define HAVE_VA_LIST_AS_ARRAY 1
#define USE_MYSQL 1
#define USE_RDB 1
#define LITTLE_ENDIAN 1
#define STDC_HEADERS 1
#define HAVE_SYS_TYPES_H 1
#define HAVE_SYS_STAT_H 1
#define HAVE_STDLIB_H 1
#define HAVE_STRING_H 1
#define HAVE_MEMORY_H 1
#define HAVE_STRINGS_H 1
#define HAVE_INTTYPES_H 1
#define HAVE_STDINT_H 1
#define HAVE_UNISTD_H 1
#define HAS_SYS_TYPES_H 1
#define USE_MODULES 1
#define DL_PREFIX ""
#define USE_MODULES 1
#define SIZEOF_SHORT 2
#define SIZEOF_INT 4
#define SIZEOF_LONG 8
#define HAVE_STRINGS_H 1
#define HAVE_SYS_SELECT_H 1
#define HAVE_BACKTRACE 1
#define HAVE_BACKTRACE 1
#define HAVE_STRERROR 1
#define HAVE_STRERROR 1
#define HAVE_SYS_ERRLIST 1
#define HAVE_SYS_ERRLIST 1
#define HAVE_SNPRINTF 1
#define HAVE_SNPRINTF 1
#define HAVE_STRCASECMP 1
#define HAVE_STRCASECMP 1
#define HAVE_STRDUP 1
#define HAVE_STRDUP 1
#define HAVE_STRSPN 1
#define HAVE_STRSPN 1
#define HAVE_STRSIGNAL 1
#define HAVE_STRSIGNAL 1
#define HAVE_GETTIMEOFDAY 1
#define HAVE_GETTIMEOFDAY 1
#define HAVE_SETGRENT 1
#define HAVE_SETGRENT 1
#define HAVE_UMASK 1
#define HAVE_UMASK 1
#define HAVE_FORK 1
#define HAVE_FORK 1
#define HAVE_GETHOSTBYNAME 1
#define HAVE_GETHOSTBYNAME 1
#define HAVE_GETHOSTBYNAME_R 1
#define HAVE_GETHOSTBYNAME_R 1
#define DEFUMASK 077
#define SERVICES_BIN "/home/adam/anope/services-stable/services"
#define SERVICES_DIR "/home/adam/anope/services-stable"
#define MODULE_PATH "/home/adam/anope/services-stable/modules/"

configure: exit 0
